Analysis & Synthesis report for mini_projeto
Thu Apr 13 11:59:39 2023
Quartus Prime Version 20.1.1 Build 720 11/11/2020 SJ Lite Edition


---------------------
; Table of Contents ;
---------------------
  1. Legal Notice
  2. Analysis & Synthesis Summary
  3. Analysis & Synthesis Settings
  4. Parallel Compilation
  5. Analysis & Synthesis Source Files Read
  6. Analysis & Synthesis Resource Usage Summary
  7. Analysis & Synthesis Resource Utilization by Entity
  8. User-Specified and Inferred Latches
  9. General Register Statistics
 10. Multiplexer Restructuring Statistics (Restructuring Performed)
 11. Parameter Settings for User Entity Instance: ClkDividerN:inst1
 12. Post-Synthesis Netlist Statistics for Top Partition
 13. Elapsed Time Per Partition
 14. Analysis & Synthesis Messages



----------------
; Legal Notice ;
----------------
Copyright (C) 2020  Intel Corporation. All rights reserved.
Your use of Intel Corporation's design tools, logic functions 
and other software and tools, and any partner logic 
functions, and any output files from any of the foregoing 
(including device programming or simulation files), and any 
associated documentation or information are expressly subject 
to the terms and conditions of the Intel Program License 
Subscription Agreement, the Intel Quartus Prime License Agreement,
the Intel FPGA IP License Agreement, or other applicable license
agreement, including, without limitation, that your use is for
the sole purpose of programming logic devices manufactured by
Intel and sold by Intel or its authorized distributors.  Please
refer to the applicable agreement for further details, at
https://fpgasoftware.intel.com/eula.



+----------------------------------------------------------------------------------+
; Analysis & Synthesis Summary                                                     ;
+------------------------------------+---------------------------------------------+
; Analysis & Synthesis Status        ; Successful - Thu Apr 13 11:59:39 2023       ;
; Quartus Prime Version              ; 20.1.1 Build 720 11/11/2020 SJ Lite Edition ;
; Revision Name                      ; mini_projeto                                ;
; Top-level Entity Name              ; mini_projeto                                ;
; Family                             ; Cyclone IV E                                ;
; Total logic elements               ; 79                                          ;
;     Total combinational functions  ; 79                                          ;
;     Dedicated logic registers      ; 31                                          ;
; Total registers                    ; 31                                          ;
; Total pins                         ; 11                                          ;
; Total virtual pins                 ; 0                                           ;
; Total memory bits                  ; 0                                           ;
; Embedded Multiplier 9-bit elements ; 0                                           ;
; Total PLLs                         ; 0                                           ;
+------------------------------------+---------------------------------------------+


+------------------------------------------------------------------------------------------------------------+
; Analysis & Synthesis Settings                                                                              ;
+------------------------------------------------------------------+--------------------+--------------------+
; Option                                                           ; Setting            ; Default Value      ;
+------------------------------------------------------------------+--------------------+--------------------+
; Device                                                           ; EP4CE115F29C7      ;                    ;
; Top-level entity name                                            ; mini_projeto       ; mini_projeto       ;
; Family name                                                      ; Cyclone IV E       ; Cyclone V          ;
; Use smart compilation                                            ; Off                ; Off                ;
; Enable parallel Assembler and Timing Analyzer during compilation ; On                 ; On                 ;
; Enable compact report table                                      ; Off                ; Off                ;
; Restructure Multiplexers                                         ; Auto               ; Auto               ;
; Create Debugging Nodes for IP Cores                              ; Off                ; Off                ;
; Preserve fewer node names                                        ; On                 ; On                 ;
; Intel FPGA IP Evaluation Mode                                    ; Enable             ; Enable             ;
; Verilog Version                                                  ; Verilog_2001       ; Verilog_2001       ;
; VHDL Version                                                     ; VHDL_1993          ; VHDL_1993          ;
; State Machine Processing                                         ; Auto               ; Auto               ;
; Safe State Machine                                               ; Off                ; Off                ;
; Extract Verilog State Machines                                   ; On                 ; On                 ;
; Extract VHDL State Machines                                      ; On                 ; On                 ;
; Ignore Verilog initial constructs                                ; Off                ; Off                ;
; Iteration limit for constant Verilog loops                       ; 5000               ; 5000               ;
; Iteration limit for non-constant Verilog loops                   ; 250                ; 250                ;
; Add Pass-Through Logic to Inferred RAMs                          ; On                 ; On                 ;
; Infer RAMs from Raw Logic                                        ; On                 ; On                 ;
; Parallel Synthesis                                               ; On                 ; On                 ;
; DSP Block Balancing                                              ; Auto               ; Auto               ;
; NOT Gate Push-Back                                               ; On                 ; On                 ;
; Power-Up Don't Care                                              ; On                 ; On                 ;
; Remove Redundant Logic Cells                                     ; Off                ; Off                ;
; Remove Duplicate Registers                                       ; On                 ; On                 ;
; Ignore CARRY Buffers                                             ; Off                ; Off                ;
; Ignore CASCADE Buffers                                           ; Off                ; Off                ;
; Ignore GLOBAL Buffers                                            ; Off                ; Off                ;
; Ignore ROW GLOBAL Buffers                                        ; Off                ; Off                ;
; Ignore LCELL Buffers                                             ; Off                ; Off                ;
; Ignore SOFT Buffers                                              ; On                 ; On                 ;
; Limit AHDL Integers to 32 Bits                                   ; Off                ; Off                ;
; Optimization Technique                                           ; Balanced           ; Balanced           ;
; Carry Chain Length                                               ; 70                 ; 70                 ;
; Auto Carry Chains                                                ; On                 ; On                 ;
; Auto Open-Drain Pins                                             ; On                 ; On                 ;
; Perform WYSIWYG Primitive Resynthesis                            ; Off                ; Off                ;
; Auto ROM Replacement                                             ; On                 ; On                 ;
; Auto RAM Replacement                                             ; On                 ; On                 ;
; Auto DSP Block Replacement                                       ; On                 ; On                 ;
; Auto Shift Register Replacement                                  ; Auto               ; Auto               ;
; Allow Shift Register Merging across Hierarchies                  ; Auto               ; Auto               ;
; Auto Clock Enable Replacement                                    ; On                 ; On                 ;
; Strict RAM Replacement                                           ; Off                ; Off                ;
; Allow Synchronous Control Signals                                ; On                 ; On                 ;
; Force Use of Synchronous Clear Signals                           ; Off                ; Off                ;
; Auto RAM Block Balancing                                         ; On                 ; On                 ;
; Auto RAM to Logic Cell Conversion                                ; Off                ; Off                ;
; Auto Resource Sharing                                            ; Off                ; Off                ;
; Allow Any RAM Size For Recognition                               ; Off                ; Off                ;
; Allow Any ROM Size For Recognition                               ; Off                ; Off                ;
; Allow Any Shift Register Size For Recognition                    ; Off                ; Off                ;
; Use LogicLock Constraints during Resource Balancing              ; On                 ; On                 ;
; Ignore translate_off and synthesis_off directives                ; Off                ; Off                ;
; Timing-Driven Synthesis                                          ; On                 ; On                 ;
; Report Parameter Settings                                        ; On                 ; On                 ;
; Report Source Assignments                                        ; On                 ; On                 ;
; Report Connectivity Checks                                       ; On                 ; On                 ;
; Ignore Maximum Fan-Out Assignments                               ; Off                ; Off                ;
; Synchronization Register Chain Length                            ; 2                  ; 2                  ;
; Power Optimization During Synthesis                              ; Normal compilation ; Normal compilation ;
; HDL message level                                                ; Level2             ; Level2             ;
; Suppress Register Optimization Related Messages                  ; Off                ; Off                ;
; Number of Removed Registers Reported in Synthesis Report         ; 5000               ; 5000               ;
; Number of Swept Nodes Reported in Synthesis Report               ; 5000               ; 5000               ;
; Number of Inverted Registers Reported in Synthesis Report        ; 100                ; 100                ;
; Clock MUX Protection                                             ; On                 ; On                 ;
; Auto Gated Clock Conversion                                      ; Off                ; Off                ;
; Block Design Naming                                              ; Auto               ; Auto               ;
; SDC constraint protection                                        ; Off                ; Off                ;
; Synthesis Effort                                                 ; Auto               ; Auto               ;
; Shift Register Replacement - Allow Asynchronous Clear Signal     ; On                 ; On                 ;
; Pre-Mapping Resynthesis Optimization                             ; Off                ; Off                ;
; Analysis & Synthesis Message Level                               ; Medium             ; Medium             ;
; Disable Register Merging Across Hierarchies                      ; Auto               ; Auto               ;
; Resource Aware Inference For Block RAM                           ; On                 ; On                 ;
+------------------------------------------------------------------+--------------------+--------------------+


+------------------------------------------+
; Parallel Compilation                     ;
+----------------------------+-------------+
; Processors                 ; Number      ;
+----------------------------+-------------+
; Number detected on machine ; 16          ;
; Maximum allowed            ; 12          ;
;                            ;             ;
; Average used               ; 1.00        ;
; Maximum used               ; 12          ;
;                            ;             ;
; Usage by Processor         ; % Time Used ;
;     Processor 1            ; 100.0%      ;
;     Processor 2            ;   0.0%      ;
;     Processors 3-12        ;   0.0%      ;
+----------------------------+-------------+


+-------------------------------------------------------------------------------------------------------------------------------------------------+
; Analysis & Synthesis Source Files Read                                                                                                          ;
+----------------------------------+-----------------+------------------------------------+---------------------------------------------+---------+
; File Name with User-Entered Path ; Used in Netlist ; File Type                          ; File Name with Absolute Path                ; Library ;
+----------------------------------+-----------------+------------------------------------+---------------------------------------------+---------+
; Bin7SegDecoder.vhd               ; yes             ; User VHDL File                     ; C:/LECI/LSD/mini_projeto/Bin7SegDecoder.vhd ;         ;
; ClkDividerN.vhd                  ; yes             ; User VHDL File                     ; C:/LECI/LSD/mini_projeto/ClkDividerN.vhd    ;         ;
; CounterUpDown4.vhd               ; yes             ; User VHDL File                     ; C:/LECI/LSD/mini_projeto/CounterUpDown4.vhd ;         ;
; mini_projeto.bdf                 ; yes             ; User Block Diagram/Schematic File  ; C:/LECI/LSD/mini_projeto/mini_projeto.bdf   ;         ;
+----------------------------------+-----------------+------------------------------------+---------------------------------------------+---------+


+--------------------------------------------------------------+
; Analysis & Synthesis Resource Usage Summary                  ;
+---------------------------------------------+----------------+
; Resource                                    ; Usage          ;
+---------------------------------------------+----------------+
; Estimated Total logic elements              ; 79             ;
;                                             ;                ;
; Total combinational functions               ; 79             ;
; Logic element usage by number of LUT inputs ;                ;
;     -- 4 input functions                    ; 34             ;
;     -- 3 input functions                    ; 11             ;
;     -- <=2 input functions                  ; 34             ;
;                                             ;                ;
; Logic elements by mode                      ;                ;
;     -- normal mode                          ; 54             ;
;     -- arithmetic mode                      ; 25             ;
;                                             ;                ;
; Total registers                             ; 31             ;
;     -- Dedicated logic registers            ; 31             ;
;     -- I/O registers                        ; 0              ;
;                                             ;                ;
; I/O pins                                    ; 11             ;
;                                             ;                ;
; Embedded Multiplier 9-bit elements          ; 0              ;
;                                             ;                ;
; Maximum fan-out node                        ; CLOCK_50~input ;
; Maximum fan-out                             ; 27             ;
; Total fan-out                               ; 349            ;
; Average fan-out                             ; 2.64           ;
+---------------------------------------------+----------------+


+----------------------------------------------------------------------------------------------------------------------------------------------------------------------------------------------------------------------------+
; Analysis & Synthesis Resource Utilization by Entity                                                                                                                                                                        ;
+----------------------------+---------------------+---------------------------+-------------+--------------+---------+-----------+------+--------------+------------------------------------+----------------+--------------+
; Compilation Hierarchy Node ; Combinational ALUTs ; Dedicated Logic Registers ; Memory Bits ; DSP Elements ; DSP 9x9 ; DSP 18x18 ; Pins ; Virtual Pins ; Full Hierarchy Name                ; Entity Name    ; Library Name ;
+----------------------------+---------------------+---------------------------+-------------+--------------+---------+-----------+------+--------------+------------------------------------+----------------+--------------+
; |mini_projeto              ; 79 (0)              ; 31 (0)                    ; 0           ; 0            ; 0       ; 0         ; 11   ; 0            ; |mini_projeto                      ; mini_projeto   ; work         ;
;    |Bin7SegDecoder:inst|   ; 9 (9)               ; 0 (0)                     ; 0           ; 0            ; 0       ; 0         ; 0    ; 0            ; |mini_projeto|Bin7SegDecoder:inst  ; Bin7SegDecoder ; work         ;
;    |ClkDividerN:inst1|     ; 43 (43)             ; 27 (27)                   ; 0           ; 0            ; 0       ; 0         ; 0    ; 0            ; |mini_projeto|ClkDividerN:inst1    ; ClkDividerN    ; work         ;
;    |CounterUpDown4:inst6|  ; 27 (27)             ; 4 (4)                     ; 0           ; 0            ; 0       ; 0         ; 0    ; 0            ; |mini_projeto|CounterUpDown4:inst6 ; CounterUpDown4 ; work         ;
+----------------------------+---------------------+---------------------------+-------------+--------------+---------+-----------+------+--------------+------------------------------------+----------------+--------------+
Note: For table entries with two numbers listed, the numbers in parentheses indicate the number of resources of the given type used by the specific entity alone. The numbers listed outside of parentheses indicate the total resources of the given type used by the specific entity and all of its sub-entities in the hierarchy.


+---------------------------------------------------------------------------------------------------------------+
; User-Specified and Inferred Latches                                                                           ;
+----------------------------------------------------+---------------------------------+------------------------+
; Latch Name                                         ; Latch Enable Signal             ; Free of Timing Hazards ;
+----------------------------------------------------+---------------------------------+------------------------+
; CounterUpDown4:inst6|led                           ; CounterUpDown4:inst6|s_count[3] ; yes                    ;
; CounterUpDown4:inst6|s_stop                        ; CounterUpDown4:inst6|s_stop     ; yes                    ;
; Number of user-specified and inferred latches = 2  ;                                 ;                        ;
+----------------------------------------------------+---------------------------------+------------------------+
Note: All latches listed above may not be present at the end of synthesis due to various synthesis optimizations.


+------------------------------------------------------+
; General Register Statistics                          ;
+----------------------------------------------+-------+
; Statistic                                    ; Value ;
+----------------------------------------------+-------+
; Total registers                              ; 31    ;
; Number of registers using Synchronous Clear  ; 26    ;
; Number of registers using Synchronous Load   ; 0     ;
; Number of registers using Asynchronous Clear ; 4     ;
; Number of registers using Asynchronous Load  ; 0     ;
; Number of registers using Clock Enable       ; 2     ;
; Number of registers using Preset             ; 0     ;
+----------------------------------------------+-------+


+-------------------------------------------------------------------------------------------------------------------------------------------------------------+
; Multiplexer Restructuring Statistics (Restructuring Performed)                                                                                              ;
+--------------------+-----------+---------------+----------------------+------------------------+------------+-----------------------------------------------+
; Multiplexer Inputs ; Bus Width ; Baseline Area ; Area if Restructured ; Saving if Restructured ; Registered ; Example Multiplexer Output                    ;
+--------------------+-----------+---------------+----------------------+------------------------+------------+-----------------------------------------------+
; 16:1               ; 2 bits    ; 20 LEs        ; 16 LEs               ; 4 LEs                  ; No         ; |mini_projeto|Bin7SegDecoder:inst|decOut_n[3] ;
+--------------------+-----------+---------------+----------------------+------------------------+------------+-----------------------------------------------+


+----------------------------------------------------------------+
; Parameter Settings for User Entity Instance: ClkDividerN:inst1 ;
+----------------+----------+------------------------------------+
; Parameter Name ; Value    ; Type                               ;
+----------------+----------+------------------------------------+
; divfactor      ; 50000000 ; Signed Integer                     ;
+----------------+----------+------------------------------------+
Note: In order to hide this table in the UI and the text report file, please set the "Show Parameter Settings in Synthesis Report" option in "Analysis and Synthesis Settings -> More Settings" to "Off".


+-----------------------------------------------------+
; Post-Synthesis Netlist Statistics for Top Partition ;
+-----------------------+-----------------------------+
; Type                  ; Count                       ;
+-----------------------+-----------------------------+
; boundary_port         ; 11                          ;
; cycloneiii_ff         ; 31                          ;
;     CLR               ; 2                           ;
;     ENA CLR           ; 2                           ;
;     SCLR              ; 26                          ;
;     plain             ; 1                           ;
; cycloneiii_lcell_comb ; 79                          ;
;     arith             ; 25                          ;
;         2 data inputs ; 25                          ;
;     normal            ; 54                          ;
;         1 data inputs ; 1                           ;
;         2 data inputs ; 8                           ;
;         3 data inputs ; 11                          ;
;         4 data inputs ; 34                          ;
;                       ;                             ;
; Max LUT depth         ; 4.00                        ;
; Average LUT depth     ; 2.68                        ;
+-----------------------+-----------------------------+


+-------------------------------+
; Elapsed Time Per Partition    ;
+----------------+--------------+
; Partition Name ; Elapsed Time ;
+----------------+--------------+
; Top            ; 00:00:00     ;
+----------------+--------------+


+-------------------------------+
; Analysis & Synthesis Messages ;
+-------------------------------+
Info: *******************************************************************
Info: Running Quartus Prime Analysis & Synthesis
    Info: Version 20.1.1 Build 720 11/11/2020 SJ Lite Edition
    Info: Processing started: Thu Apr 13 11:59:31 2023
Info: Command: quartus_map --read_settings_files=on --write_settings_files=off mini_projeto -c mini_projeto
Warning (18236): Number of processors has not been specified which may cause overloading on shared machines.  Set the global assignment NUM_PARALLEL_PROCESSORS in your QSF to an appropriate value for best performance.
Info (20030): Parallel compilation is enabled and will use 12 of the 12 processors detected
Info (12021): Found 2 design units, including 1 entities, in source file bin7segdecoder.vhd
    Info (12022): Found design unit 1: Bin7SegDecoder-Behavioral File: C:/LECI/LSD/mini_projeto/Bin7SegDecoder.vhd Line: 9
    Info (12023): Found entity 1: Bin7SegDecoder File: C:/LECI/LSD/mini_projeto/Bin7SegDecoder.vhd Line: 5
Info (12021): Found 2 design units, including 1 entities, in source file clkdividern.vhd
    Info (12022): Found design unit 1: ClkDividerN-Behavioral File: C:/LECI/LSD/mini_projeto/ClkDividerN.vhd Line: 11
    Info (12023): Found entity 1: ClkDividerN File: C:/LECI/LSD/mini_projeto/ClkDividerN.vhd Line: 5
Info (12021): Found 2 design units, including 1 entities, in source file counterupdown4.vhd
    Info (12022): Found design unit 1: CounterUpDown4-Behavioral File: C:/LECI/LSD/mini_projeto/CounterUpDown4.vhd Line: 11
    Info (12023): Found entity 1: CounterUpDown4 File: C:/LECI/LSD/mini_projeto/CounterUpDown4.vhd Line: 4
Info (12021): Found 1 design units, including 1 entities, in source file mini_projeto.bdf
    Info (12023): Found entity 1: mini_projeto
Info (12127): Elaborating entity "mini_projeto" for the top level hierarchy
Info (12128): Elaborating entity "Bin7SegDecoder" for hierarchy "Bin7SegDecoder:inst"
Info (12128): Elaborating entity "CounterUpDown4" for hierarchy "CounterUpDown4:inst6"
Warning (10492): VHDL Process Statement warning at CounterUpDown4.vhd(18): signal "s_stop" is read inside the Process Statement but isn't in the Process Statement's sensitivity list File: C:/LECI/LSD/mini_projeto/CounterUpDown4.vhd Line: 18
Warning (10492): VHDL Process Statement warning at CounterUpDown4.vhd(37): signal "s_count" is read inside the Process Statement but isn't in the Process Statement's sensitivity list File: C:/LECI/LSD/mini_projeto/CounterUpDown4.vhd Line: 37
Warning (10631): VHDL Process Statement warning at CounterUpDown4.vhd(15): inferring latch(es) for signal or variable "s_stop", which holds its previous value in one or more paths through the process File: C:/LECI/LSD/mini_projeto/CounterUpDown4.vhd Line: 15
Warning (10631): VHDL Process Statement warning at CounterUpDown4.vhd(15): inferring latch(es) for signal or variable "led", which holds its previous value in one or more paths through the process File: C:/LECI/LSD/mini_projeto/CounterUpDown4.vhd Line: 15
Info (10041): Inferred latch for "led" at CounterUpDown4.vhd(15) File: C:/LECI/LSD/mini_projeto/CounterUpDown4.vhd Line: 15
Info (10041): Inferred latch for "s_stop" at CounterUpDown4.vhd(15) File: C:/LECI/LSD/mini_projeto/CounterUpDown4.vhd Line: 15
Info (12128): Elaborating entity "ClkDividerN" for hierarchy "ClkDividerN:inst1"
Warning (13004): Presettable and clearable registers converted to equivalent circuits with latches. Registers power-up to an undefined state, and DEVCLRn places the registers in an undefined state.
    Warning (13310): Register "CounterUpDown4:inst6|s_count[3]" is converted into an equivalent circuit using register "CounterUpDown4:inst6|s_count[3]~_emulated" and latch "CounterUpDown4:inst6|s_count[3]~1" File: C:/LECI/LSD/mini_projeto/CounterUpDown4.vhd Line: 20
    Warning (13310): Register "CounterUpDown4:inst6|s_count[1]" is converted into an equivalent circuit using register "CounterUpDown4:inst6|s_count[1]~_emulated" and latch "CounterUpDown4:inst6|s_count[1]~6" File: C:/LECI/LSD/mini_projeto/CounterUpDown4.vhd Line: 20
    Warning (13310): Register "CounterUpDown4:inst6|s_count[0]" is converted into an equivalent circuit using register "CounterUpDown4:inst6|s_count[0]~_emulated" and latch "CounterUpDown4:inst6|s_count[0]~11" File: C:/LECI/LSD/mini_projeto/CounterUpDown4.vhd Line: 20
    Warning (13310): Register "CounterUpDown4:inst6|s_count[2]" is converted into an equivalent circuit using register "CounterUpDown4:inst6|s_count[2]~_emulated" and latch "CounterUpDown4:inst6|s_count[2]~16" File: C:/LECI/LSD/mini_projeto/CounterUpDown4.vhd Line: 20
Info (286030): Timing-Driven Synthesis is running
Info (16010): Generating hard_block partition "hard_block:auto_generated_inst"
    Info (16011): Adding 0 node(s), including 0 DDIO, 0 PLL, 0 transceiver and 0 LCELL
Info (21057): Implemented 90 device resources after synthesis - the final resource count might be different
    Info (21058): Implemented 3 input pins
    Info (21059): Implemented 8 output pins
    Info (21061): Implemented 79 logic cells
Info: Quartus Prime Analysis & Synthesis was successful. 0 errors, 10 warnings
    Info: Peak virtual memory: 4862 megabytes
    Info: Processing ended: Thu Apr 13 11:59:39 2023
    Info: Elapsed time: 00:00:08
    Info: Total CPU time (on all processors): 00:00:08


